e:\projektyvisual2019\universal-walking-simulator-master\universal walking simulator\x64\debug\imgui_impl_dx9.obj
e:\projektyvisual2019\universal-walking-simulator-master\universal walking simulator\x64\debug\imgui_impl_win32.obj
e:\projektyvisual2019\universal-walking-simulator-master\universal walking simulator\x64\debug\imgui_tables.obj
e:\projektyvisual2019\universal-walking-simulator-master\universal walking simulator\x64\debug\kiero.obj
e:\projektyvisual2019\universal-walking-simulator-master\universal walking simulator\x64\debug\imgui_draw.obj
e:\projektyvisual2019\universal-walking-simulator-master\universal walking simulator\x64\debug\imgui_stdlib.obj
e:\projektyvisual2019\universal-walking-simulator-master\universal walking simulator\x64\debug\imgui.obj
e:\projektyvisual2019\universal-walking-simulator-master\universal walking simulator\x64\debug\imgui_widgets.obj
e:\projektyvisual2019\universal-walking-simulator-master\universal walking simulator\x64\debug\vc143.pdb
e:\projektyvisual2019\universal-walking-simulator-master\universal walking simulator\x64\debug\vc143.idb
e:\projektyvisual2019\universal-walking-simulator-master\universal walking simulator\x64\debug\dllmain.obj
e:\projektyvisual2019\universal-walking-simulator-master\universal walking simulator\x64\debug\project reboot.ilk
e:\projektyvisual2019\universal-walking-simulator-master\x64\debug\project reboot.dll
e:\projektyvisual2019\universal-walking-simulator-master\x64\debug\project reboot.pdb
e:\projektyvisual2019\universal-walking-simulator-master\universal walking simulator\x64\debug\universa.2b88713c.tlog\cl.command.1.tlog
e:\projektyvisual2019\universal-walking-simulator-master\universal walking simulator\x64\debug\universa.2b88713c.tlog\cl.read.1.tlog
e:\projektyvisual2019\universal-walking-simulator-master\universal walking simulator\x64\debug\universa.2b88713c.tlog\cl.write.1.tlog
e:\projektyvisual2019\universal-walking-simulator-master\universal walking simulator\x64\debug\universa.2b88713c.tlog\link.command.1.tlog
e:\projektyvisual2019\universal-walking-simulator-master\universal walking simulator\x64\debug\universa.2b88713c.tlog\link.read.1.tlog
e:\projektyvisual2019\universal-walking-simulator-master\universal walking simulator\x64\debug\universa.2b88713c.tlog\link.write.1.tlog
