  imgui.cpp
  imgui_draw.cpp
  imgui_impl_dx9.cpp
  imgui_impl_win32.cpp
  imgui_stdlib.cpp
  imgui_tables.cpp
  imgui_widgets.cpp
  kiero.cpp
  dllmain.cpp
E:\ProjektyVisual2019\Universal-Walking-Simulator-master\Universal Walking Simulator\UE\other.h(140,10): warning C4244: "inicjowanie": konwersja z "double" do "float", możliwa utrata danych (kompilowanie pliku źródłowego dllmain.cpp)
E:\ProjektyVisual2019\Universal-Walking-Simulator-master\Universal Walking Simulator\UE\other.h(146,12): warning C4244: "=": konwersja z "double" do "float", możliwa utrata danych (kompilowanie pliku źródłowego dllmain.cpp)
E:\ProjektyVisual2019\Universal-Walking-Simulator-master\Universal Walking Simulator\UE\other.h(151,13): warning C4244: "=": konwersja z "double" do "float", możliwa utrata danych (kompilowanie pliku źródłowego dllmain.cpp)
E:\ProjektyVisual2019\Universal-Walking-Simulator-master\Universal Walking Simulator\UE\other.h(609,7): warning C4244: "=": konwersja z "double" do "float", możliwa utrata danych (kompilowanie pliku źródłowego dllmain.cpp)
E:\ProjektyVisual2019\Universal-Walking-Simulator-master\Universal Walking Simulator\UE\other.h(610,10): warning C4244: "=": konwersja z "double" do "float", możliwa utrata danych (kompilowanie pliku źródłowego dllmain.cpp)
E:\ProjektyVisual2019\Universal-Walking-Simulator-master\Universal Walking Simulator\UE\other.h(640,1): warning C4305: "inicjowanie": obcięcie z "double" do "float" (kompilowanie pliku źródłowego dllmain.cpp)
E:\ProjektyVisual2019\Universal-Walking-Simulator-master\Universal Walking Simulator\UE\other.h(668,41): warning C4305: "inicjowanie": obcięcie z "double" do "float" (kompilowanie pliku źródłowego dllmain.cpp)
E:\ProjektyVisual2019\Universal-Walking-Simulator-master\Universal Walking Simulator\UE\other.h(1019,30): warning C4309: "inicjowanie": obcięcie stałej wartości (kompilowanie pliku źródłowego dllmain.cpp)
E:\ProjektyVisual2019\Universal-Walking-Simulator-master\Universal Walking Simulator\UE\other.h(1020,33): warning C4309: "inicjowanie": obcięcie stałej wartości (kompilowanie pliku źródłowego dllmain.cpp)
E:\ProjektyVisual2019\Universal-Walking-Simulator-master\Universal Walking Simulator\UE\other.h(1021,23): warning C4309: "inicjowanie": obcięcie stałej wartości (kompilowanie pliku źródłowego dllmain.cpp)
E:\ProjektyVisual2019\Universal-Walking-Simulator-master\Universal Walking Simulator\UE\other.h(1022,21): warning C4309: "inicjowanie": obcięcie stałej wartości (kompilowanie pliku źródłowego dllmain.cpp)
E:\ProjektyVisual2019\Universal-Walking-Simulator-master\Universal Walking Simulator\UE\other.h(1023,21): warning C4309: "inicjowanie": obcięcie stałej wartości (kompilowanie pliku źródłowego dllmain.cpp)
E:\ProjektyVisual2019\Universal-Walking-Simulator-master\Universal Walking Simulator\UE\other.h(1024,32): warning C4309: "inicjowanie": obcięcie stałej wartości (kompilowanie pliku źródłowego dllmain.cpp)
E:\ProjektyVisual2019\Universal-Walking-Simulator-master\Universal Walking Simulator\UE\other.h(1025,20): warning C4309: "inicjowanie": obcięcie stałej wartości (kompilowanie pliku źródłowego dllmain.cpp)
E:\ProjektyVisual2019\Universal-Walking-Simulator-master\Universal Walking Simulator\UE\other.h(1026,30): warning C4309: "inicjowanie": obcięcie stałej wartości (kompilowanie pliku źródłowego dllmain.cpp)
E:\ProjektyVisual2019\Universal-Walking-Simulator-master\Universal Walking Simulator\UE\other.h(1027,34): warning C4309: "inicjowanie": obcięcie stałej wartości (kompilowanie pliku źródłowego dllmain.cpp)
E:\ProjektyVisual2019\Universal-Walking-Simulator-master\Universal Walking Simulator\UE\other.h(1028,36): warning C4309: "inicjowanie": obcięcie stałej wartości (kompilowanie pliku źródłowego dllmain.cpp)
E:\ProjektyVisual2019\Universal-Walking-Simulator-master\Universal Walking Simulator\UE\other.h(1029,37): warning C4309: "inicjowanie": obcięcie stałej wartości (kompilowanie pliku źródłowego dllmain.cpp)
E:\ProjektyVisual2019\Universal-Walking-Simulator-master\Universal Walking Simulator\UE\other.h(1030,25): warning C4309: "inicjowanie": obcięcie stałej wartości (kompilowanie pliku źródłowego dllmain.cpp)
E:\ProjektyVisual2019\Universal-Walking-Simulator-master\Universal Walking Simulator\UE\other.h(1031,32): warning C4309: "inicjowanie": obcięcie stałej wartości (kompilowanie pliku źródłowego dllmain.cpp)
E:\ProjektyVisual2019\Universal-Walking-Simulator-master\Universal Walking Simulator\UE\other.h(1032,35): warning C4309: "inicjowanie": obcięcie stałej wartości (kompilowanie pliku źródłowego dllmain.cpp)
E:\ProjektyVisual2019\Universal-Walking-Simulator-master\Universal Walking Simulator\UE\other.h(1033,27): warning C4309: "inicjowanie": obcięcie stałej wartości (kompilowanie pliku źródłowego dllmain.cpp)
E:\ProjektyVisual2019\Universal-Walking-Simulator-master\Universal Walking Simulator\UE\other.h(1034,27): warning C4309: "inicjowanie": obcięcie stałej wartości (kompilowanie pliku źródłowego dllmain.cpp)
E:\ProjektyVisual2019\Universal-Walking-Simulator-master\Universal Walking Simulator\UE\other.h(1035,28): warning C4309: "inicjowanie": obcięcie stałej wartości (kompilowanie pliku źródłowego dllmain.cpp)
E:\ProjektyVisual2019\Universal-Walking-Simulator-master\Universal Walking Simulator\UE\other.h(1036,38): warning C4309: "inicjowanie": obcięcie stałej wartości (kompilowanie pliku źródłowego dllmain.cpp)
E:\ProjektyVisual2019\Universal-Walking-Simulator-master\Universal Walking Simulator\UE\other.h(1037,47): warning C4309: "inicjowanie": obcięcie stałej wartości (kompilowanie pliku źródłowego dllmain.cpp)
E:\ProjektyVisual2019\Universal-Walking-Simulator-master\Universal Walking Simulator\UE\other.h(1038,47): warning C4309: "inicjowanie": obcięcie stałej wartości (kompilowanie pliku źródłowego dllmain.cpp)
E:\ProjektyVisual2019\Universal-Walking-Simulator-master\Universal Walking Simulator\UE\other.h(1039,33): warning C4309: "inicjowanie": obcięcie stałej wartości (kompilowanie pliku źródłowego dllmain.cpp)
E:\ProjektyVisual2019\Universal-Walking-Simulator-master\Universal Walking Simulator\UE\structs.h(1199,42): warning C4244: "=": konwersja z "double" do "int", możliwa utrata danych (kompilowanie pliku źródłowego dllmain.cpp)
E:\ProjektyVisual2019\Universal-Walking-Simulator-master\Universal Walking Simulator\UE\structs.h(1629,33): warning C4805: "&": niebezpieczne połączenie typu "int" oraz typu "bool" w operacji (kompilowanie pliku źródłowego dllmain.cpp)
E:\ProjektyVisual2019\Universal-Walking-Simulator-master\Universal Walking Simulator\UE\structs.h(1629,54): warning C4805: "!=": niebezpieczne połączenie typu "int" oraz typu "bool" w operacji (kompilowanie pliku źródłowego dllmain.cpp)
E:\ProjektyVisual2019\Universal-Walking-Simulator-master\Universal Walking Simulator\UE\structs.h(2426,12): warning C4244: "return": konwersja z "ValueType" do "int", możliwa utrata danych
          with
          [
              ValueType=__int64
          ] (kompilowanie pliku źródłowego dllmain.cpp)
E:\ProjektyVisual2019\Universal-Walking-Simulator-master\Universal Walking Simulator\Gameplay\helper.h(1748,13): warning C4244: "argument": konwersja z "time_t" do "unsigned int", możliwa utrata danych (kompilowanie pliku źródłowego dllmain.cpp)
E:\ProjektyVisual2019\Universal-Walking-Simulator-master\Universal Walking Simulator\Gameplay\helper.h(2333,31): warning C4267: "=": konwersja z "size_t" do "int", możliwa utrata danych (kompilowanie pliku źródłowego dllmain.cpp)
E:\ProjektyVisual2019\Universal-Walking-Simulator-master\Universal Walking Simulator\Gameplay\abilities.h(117,19): warning C4806: "&": niebezpieczna operacja: żadna wartość typu "bool" podwyższona do typu "int" nie może być równa podanej stałej (kompilowanie pliku źródłowego dllmain.cpp)
E:\ProjektyVisual2019\Universal-Walking-Simulator-master\Universal Walking Simulator\Gameplay\abilities.h(149,27): warning C4806: "&": niebezpieczna operacja: żadna wartość typu "bool" podwyższona do typu "int" nie może być równa podanej stałej (kompilowanie pliku źródłowego dllmain.cpp)
E:\ProjektyVisual2019\Universal-Walking-Simulator-master\Universal Walking Simulator\Net\funcs.h(324,56): warning C4200: użyto niestandardowego rozszerzenia: tablica o rozmiarze zero w typie struct/union (kompilowanie pliku źródłowego dllmain.cpp)
E:\ProjektyVisual2019\Universal-Walking-Simulator-master\Universal Walking Simulator\Net\funcs.h(324,56): message : Ta składowa zostanie zignorowana przez domyślny konstruktor lub kopiujący/przenoszący operator przypisania (kompilowanie pliku źródłowego dllmain.cpp)
E:\ProjektyVisual2019\Universal-Walking-Simulator-master\Universal Walking Simulator\Gameplay\abilities.h(291): message : zobacz odwołanie do kompilowanego tworzenia wystąpienia „FGameplayAbilitySpec<FGameplayAbilityActivationInfo,0>” klasy klasa szablon (kompilowanie pliku źródłowego dllmain.cpp)
E:\ProjektyVisual2019\Universal-Walking-Simulator-master\Universal Walking Simulator\Gameplay\loot.h(84,47): warning C4244: "argument": konwersja z "float" do "_Ty", możliwa utrata danych
          with
          [
              _Ty=int
          ] (kompilowanie pliku źródłowego dllmain.cpp)
E:\ProjektyVisual2019\Universal-Walking-Simulator-master\Universal Walking Simulator\Gameplay\loot.h(84,41): warning C4244: "argument": konwersja z "float" do "_Ty", możliwa utrata danych
          with
          [
              _Ty=int
          ] (kompilowanie pliku źródłowego dllmain.cpp)
E:\ProjektyVisual2019\Universal-Walking-Simulator-master\Universal Walking Simulator\finder.h(14,27): warning C4267: "inicjowanie": konwersja z "size_t" do "int", możliwa utrata danych (kompilowanie pliku źródłowego dllmain.cpp)
E:\ProjektyVisual2019\Universal-Walking-Simulator-master\Universal Walking Simulator\patterns.h(814,50): warning C4309: "=": obcięcie stałej wartości (kompilowanie pliku źródłowego dllmain.cpp)
E:\ProjektyVisual2019\Universal-Walking-Simulator-master\Universal Walking Simulator\Gameplay\zone.h(24,48): warning C4244: "argument": konwersja z "float" do "_Ty", możliwa utrata danych
          with
          [
              _Ty=int
          ] (kompilowanie pliku źródłowego dllmain.cpp)
E:\ProjektyVisual2019\Universal-Walking-Simulator-master\Universal Walking Simulator\Gameplay\zone.h(24,41): warning C4244: "argument": konwersja z "float" do "_Ty", możliwa utrata danych
          with
          [
              _Ty=int
          ] (kompilowanie pliku źródłowego dllmain.cpp)
E:\ProjektyVisual2019\Universal-Walking-Simulator-master\Universal Walking Simulator\Gameplay\zone.h(28,49): warning C4244: "argument": konwersja z "float" do "_Ty", możliwa utrata danych
          with
          [
              _Ty=int
          ] (kompilowanie pliku źródłowego dllmain.cpp)
E:\ProjektyVisual2019\Universal-Walking-Simulator-master\Universal Walking Simulator\Gameplay\zone.h(28,42): warning C4244: "argument": konwersja z "float" do "_Ty", możliwa utrata danych
          with
          [
              _Ty=int
          ] (kompilowanie pliku źródłowego dllmain.cpp)
E:\ProjektyVisual2019\Universal-Walking-Simulator-master\Universal Walking Simulator\Gameplay\zone.h(32,49): warning C4244: "argument": konwersja z "float" do "_Ty", możliwa utrata danych
          with
          [
              _Ty=int
          ] (kompilowanie pliku źródłowego dllmain.cpp)
E:\ProjektyVisual2019\Universal-Walking-Simulator-master\Universal Walking Simulator\Gameplay\zone.h(32,42): warning C4244: "argument": konwersja z "float" do "_Ty", możliwa utrata danych
          with
          [
              _Ty=int
          ] (kompilowanie pliku źródłowego dllmain.cpp)
E:\ProjektyVisual2019\Universal-Walking-Simulator-master\Universal Walking Simulator\Net\nethooks.h(162,40): warning C4305: "inicjowanie": obcięcie z "__int64" do "int" (kompilowanie pliku źródłowego dllmain.cpp)
E:\ProjektyVisual2019\Universal-Walking-Simulator-master\Universal Walking Simulator\Net\nethooks.h(162,28): warning C4309: "inicjowanie": obcięcie stałej wartości (kompilowanie pliku źródłowego dllmain.cpp)
E:\ProjektyVisual2019\Universal-Walking-Simulator-master\Universal Walking Simulator\hooks.h(1524,34): warning C4805: "&": niebezpieczne połączenie typu "int" oraz typu "bool" w operacji (kompilowanie pliku źródłowego dllmain.cpp)
E:\ProjektyVisual2019\Universal-Walking-Simulator-master\Universal Walking Simulator\hooks.h(1524,55): warning C4805: "!=": niebezpieczne połączenie typu "int" oraz typu "bool" w operacji (kompilowanie pliku źródłowego dllmain.cpp)
E:\ProjektyVisual2019\Universal-Walking-Simulator-master\Universal Walking Simulator\hooks.h(1595,52): warning C4244: "argument": konwersja z "float" do "int", możliwa utrata danych (kompilowanie pliku źródłowego dllmain.cpp)
E:\ProjektyVisual2019\Universal-Walking-Simulator-master\Universal Walking Simulator\hooks.h(2900,35): warning C4244: "argument": konwersja z "double" do "float", możliwa utrata danych (kompilowanie pliku źródłowego dllmain.cpp)
E:\ProjektyVisual2019\Universal-Walking-Simulator-master\Universal Walking Simulator\hooks.h(2901,35): warning C4244: "argument": konwersja z "double" do "float", możliwa utrata danych (kompilowanie pliku źródłowego dllmain.cpp)
E:\ProjektyVisual2019\Universal-Walking-Simulator-master\Universal Walking Simulator\gui.h(261,43): warning C4244: "argument": konwersja z "int" do "float", możliwa utrata danych (kompilowanie pliku źródłowego dllmain.cpp)
E:\ProjektyVisual2019\Universal-Walking-Simulator-master\Universal Walking Simulator\gui.h(261,36): warning C4244: "argument": konwersja z "int" do "float", możliwa utrata danych (kompilowanie pliku źródłowego dllmain.cpp)
E:\ProjektyVisual2019\Universal-Walking-Simulator-master\Universal Walking Simulator\gui.h(782,30): warning C4244: "=": konwersja z "int" do "float", możliwa utrata danych (kompilowanie pliku źródłowego dllmain.cpp)
E:\ProjektyVisual2019\Universal-Walking-Simulator-master\Universal Walking Simulator\gui.h(783,30): warning C4244: "=": konwersja z "int" do "float", możliwa utrata danych (kompilowanie pliku źródłowego dllmain.cpp)
E:\ProjektyVisual2019\Universal-Walking-Simulator-master\Universal Walking Simulator\gui.h(784,30): warning C4244: "=": konwersja z "int" do "float", możliwa utrata danych (kompilowanie pliku źródłowego dllmain.cpp)
E:\ProjektyVisual2019\Universal-Walking-Simulator-master\Universal Walking Simulator\gui.h(799,30): warning C4244: "=": konwersja z "int" do "float", możliwa utrata danych (kompilowanie pliku źródłowego dllmain.cpp)
E:\ProjektyVisual2019\Universal-Walking-Simulator-master\Universal Walking Simulator\gui.h(800,30): warning C4244: "=": konwersja z "int" do "float", możliwa utrata danych (kompilowanie pliku źródłowego dllmain.cpp)
E:\ProjektyVisual2019\Universal-Walking-Simulator-master\Universal Walking Simulator\gui.h(801,30): warning C4244: "=": konwersja z "int" do "float", możliwa utrata danych (kompilowanie pliku źródłowego dllmain.cpp)
E:\ProjektyVisual2019\Universal-Walking-Simulator-master\Universal Walking Simulator\gui.h(819,30): warning C4244: "=": konwersja z "int" do "float", możliwa utrata danych (kompilowanie pliku źródłowego dllmain.cpp)
E:\ProjektyVisual2019\Universal-Walking-Simulator-master\Universal Walking Simulator\gui.h(820,30): warning C4244: "=": konwersja z "int" do "float", możliwa utrata danych (kompilowanie pliku źródłowego dllmain.cpp)
E:\ProjektyVisual2019\Universal-Walking-Simulator-master\Universal Walking Simulator\gui.h(821,30): warning C4244: "=": konwersja z "int" do "float", możliwa utrata danych (kompilowanie pliku źródłowego dllmain.cpp)
E:\ProjektyVisual2019\Universal-Walking-Simulator-master\Universal Walking Simulator\gui.h(837,30): warning C4244: "=": konwersja z "int" do "float", możliwa utrata danych (kompilowanie pliku źródłowego dllmain.cpp)
E:\ProjektyVisual2019\Universal-Walking-Simulator-master\Universal Walking Simulator\gui.h(838,30): warning C4244: "=": konwersja z "int" do "float", możliwa utrata danych (kompilowanie pliku źródłowego dllmain.cpp)
E:\ProjektyVisual2019\Universal-Walking-Simulator-master\Universal Walking Simulator\gui.h(839,30): warning C4244: "=": konwersja z "int" do "float", możliwa utrata danych (kompilowanie pliku źródłowego dllmain.cpp)
E:\ProjektyVisual2019\Universal-Walking-Simulator-master\Universal Walking Simulator\gui.h(855,30): warning C4244: "=": konwersja z "int" do "float", możliwa utrata danych (kompilowanie pliku źródłowego dllmain.cpp)
E:\ProjektyVisual2019\Universal-Walking-Simulator-master\Universal Walking Simulator\gui.h(856,30): warning C4244: "=": konwersja z "int" do "float", możliwa utrata danych (kompilowanie pliku źródłowego dllmain.cpp)
E:\ProjektyVisual2019\Universal-Walking-Simulator-master\Universal Walking Simulator\gui.h(857,30): warning C4244: "=": konwersja z "int" do "float", możliwa utrata danych (kompilowanie pliku źródłowego dllmain.cpp)
E:\ProjektyVisual2019\Universal-Walking-Simulator-master\Universal Walking Simulator\gui.h(873,30): warning C4244: "=": konwersja z "int" do "float", możliwa utrata danych (kompilowanie pliku źródłowego dllmain.cpp)
E:\ProjektyVisual2019\Universal-Walking-Simulator-master\Universal Walking Simulator\gui.h(874,30): warning C4244: "=": konwersja z "int" do "float", możliwa utrata danych (kompilowanie pliku źródłowego dllmain.cpp)
E:\ProjektyVisual2019\Universal-Walking-Simulator-master\Universal Walking Simulator\gui.h(875,30): warning C4244: "=": konwersja z "int" do "float", możliwa utrata danych (kompilowanie pliku źródłowego dllmain.cpp)
E:\ProjektyVisual2019\Universal-Walking-Simulator-master\Universal Walking Simulator\gui.h(1105,100): warning C4305: "argument": obcięcie z "double" do "float" (kompilowanie pliku źródłowego dllmain.cpp)
E:\ProjektyVisual2019\Universal-Walking-Simulator-master\Universal Walking Simulator\gui.h(1106,155): warning C4305: "argument": obcięcie z "double" do "float" (kompilowanie pliku źródłowego dllmain.cpp)
E:\Program Files\Microsoft Visual Studio\2022\Community\VC\Tools\MSVC\14.33.31629\include\xstring(2824,53): warning C4244: "argument": konwersja z "const wchar_t" do "const _Elem", możliwa utrata danych
          with
          [
              _Elem=char
          ] (kompilowanie pliku źródłowego dllmain.cpp)
E:\Program Files\Microsoft Visual Studio\2022\Community\VC\Tools\MSVC\14.33.31629\include\xstring(2664): message : zobacz odwołanie do kompilowanego tworzenia wystąpienia „void std::basic_string<char,std::char_traits<char>,std::allocator<char>>::_Construct_from_iter<const wchar_t*>(_Iter,const _Iter)” funkcji szablon
          with
          [
              _Iter=const wchar_t *
          ] (kompilowanie pliku źródłowego dllmain.cpp)
E:\Program Files\Microsoft Visual Studio\2022\Community\VC\Tools\MSVC\14.33.31629\include\xstring(2664): message : zobacz odwołanie do kompilowanego tworzenia wystąpienia „void std::basic_string<char,std::char_traits<char>,std::allocator<char>>::_Construct_from_iter<const wchar_t*>(_Iter,const _Iter)” funkcji szablon
          with
          [
              _Iter=const wchar_t *
          ] (kompilowanie pliku źródłowego dllmain.cpp)
E:\ProjektyVisual2019\Universal-Walking-Simulator-master\Universal Walking Simulator\Gameplay\helper.h(2331): message : zobacz odwołanie do kompilowanego tworzenia wystąpienia „std::basic_string<char,std::char_traits<char>,std::allocator<char>>::basic_string<std::_String_const_iterator<std::_String_val<std::_Simple_types<_Elem>>>,0>(_Iter,_Iter,const _Alloc &)” funkcji szablon
          with
          [
              _Elem=wchar_t,
              _Iter=std::_String_const_iterator<std::_String_val<std::_Simple_types<wchar_t>>>,
              _Alloc=std::allocator<char>
          ] (kompilowanie pliku źródłowego dllmain.cpp)
E:\ProjektyVisual2019\Universal-Walking-Simulator-master\Universal Walking Simulator\Gameplay\helper.h(2331): message : zobacz odwołanie do kompilowanego tworzenia wystąpienia „std::basic_string<char,std::char_traits<char>,std::allocator<char>>::basic_string<std::_String_const_iterator<std::_String_val<std::_Simple_types<_Elem>>>,0>(_Iter,_Iter,const _Alloc &)” funkcji szablon
          with
          [
              _Elem=wchar_t,
              _Iter=std::_String_const_iterator<std::_String_val<std::_Simple_types<wchar_t>>>,
              _Alloc=std::allocator<char>
          ] (kompilowanie pliku źródłowego dllmain.cpp)
E:\Program Files\Microsoft Visual Studio\2022\Community\VC\Tools\MSVC\14.33.31629\include\xstring(2824,53): warning C4244: "argument": konwersja z "wchar_t" do "const _Elem", możliwa utrata danych
          with
          [
              _Elem=char
          ] (kompilowanie pliku źródłowego dllmain.cpp)
E:\Program Files\Microsoft Visual Studio\2022\Community\VC\Tools\MSVC\14.33.31629\include\xstring(2664): message : zobacz odwołanie do kompilowanego tworzenia wystąpienia „void std::basic_string<char,std::char_traits<char>,std::allocator<char>>::_Construct_from_iter<wchar_t*>(_Iter,const _Iter)” funkcji szablon
          with
          [
              _Iter=wchar_t *
          ] (kompilowanie pliku źródłowego dllmain.cpp)
E:\Program Files\Microsoft Visual Studio\2022\Community\VC\Tools\MSVC\14.33.31629\include\xstring(2664): message : zobacz odwołanie do kompilowanego tworzenia wystąpienia „void std::basic_string<char,std::char_traits<char>,std::allocator<char>>::_Construct_from_iter<wchar_t*>(_Iter,const _Iter)” funkcji szablon
          with
          [
              _Iter=wchar_t *
          ] (kompilowanie pliku źródłowego dllmain.cpp)
E:\ProjektyVisual2019\Universal-Walking-Simulator-master\Universal Walking Simulator\gui.h(746): message : zobacz odwołanie do kompilowanego tworzenia wystąpienia „std::basic_string<char,std::char_traits<char>,std::allocator<char>>::basic_string<std::_String_iterator<std::_String_val<std::_Simple_types<_Elem>>>,0>(_Iter,_Iter,const _Alloc &)” funkcji szablon
          with
          [
              _Elem=wchar_t,
              _Iter=std::_String_iterator<std::_String_val<std::_Simple_types<wchar_t>>>,
              _Alloc=std::allocator<char>
          ] (kompilowanie pliku źródłowego dllmain.cpp)
E:\ProjektyVisual2019\Universal-Walking-Simulator-master\Universal Walking Simulator\gui.h(746): message : zobacz odwołanie do kompilowanego tworzenia wystąpienia „std::basic_string<char,std::char_traits<char>,std::allocator<char>>::basic_string<std::_String_iterator<std::_String_val<std::_Simple_types<_Elem>>>,0>(_Iter,_Iter,const _Alloc &)” funkcji szablon
          with
          [
              _Elem=wchar_t,
              _Iter=std::_String_iterator<std::_String_val<std::_Simple_types<wchar_t>>>,
              _Alloc=std::allocator<char>
          ] (kompilowanie pliku źródłowego dllmain.cpp)
E:\ProjektyVisual2019\Universal-Walking-Simulator-master\Universal Walking Simulator\UE\structs.h(2513): warning C4715: "UFunction::GetAllParamOffsets”: niewszystkie ścieżki kodu zwracają wartość
E:\ProjektyVisual2019\Universal-Walking-Simulator-master\Universal Walking Simulator\UE\DataTables.h(119): error C4716: "FRichCurve::Eval": musi zwracać wartość
E:\ProjektyVisual2019\Universal-Walking-Simulator-master\Universal Walking Simulator\finder.h(188): error C4716: "GetVirtualIdx": musi zwracać wartość
E:\ProjektyVisual2019\Universal-Walking-Simulator-master\Universal Walking Simulator\hooks.h(634): error C4716: "AutoRestartThread": musi zwracać wartość
E:\ProjektyVisual2019\Universal-Walking-Simulator-master\Universal Walking Simulator\dllmain.cpp(515): warning C4715: "MainTest”: niewszystkie ścieżki kodu zwracają wartość
